0 info it worked if it ends with ok
1 verbose cli [ '/usr/bin/node', '/usr/bin/npm', 'install', '-g', 'nodemon' ]
2 info using npm@1.4.28
3 info using node@v0.10.32
4 verbose node symlink /usr/bin/node
5 verbose cache add [ 'nodemon', null ]
6 verbose cache add name=undefined spec="nodemon" args=["nodemon",null]
7 verbose parsed url { protocol: null,
7 verbose parsed url   slashes: null,
7 verbose parsed url   auth: null,
7 verbose parsed url   host: null,
7 verbose parsed url   port: null,
7 verbose parsed url   hostname: null,
7 verbose parsed url   hash: null,
7 verbose parsed url   search: null,
7 verbose parsed url   query: null,
7 verbose parsed url   pathname: 'nodemon',
7 verbose parsed url   path: 'nodemon',
7 verbose parsed url   href: 'nodemon' }
8 silly lockFile 1625b929-nodemon nodemon
9 verbose lock nodemon /home/vagrant/.npm/1625b929-nodemon.lock
10 silly lockFile 1625b929-nodemon nodemon
11 silly lockFile 1625b929-nodemon nodemon
12 verbose addNamed [ 'nodemon', '' ]
13 verbose addNamed [ null, '*' ]
14 silly lockFile 4f5e51c6-nodemon nodemon@
15 verbose lock nodemon@ /home/vagrant/.npm/4f5e51c6-nodemon.lock
16 silly addNameRange { name: 'nodemon', range: '*', hasData: false }
17 verbose request where is /nodemon
18 verbose request registry https://registry.npmjs.org/
19 verbose request id 6a45a9aad3133f10
20 verbose url raw /nodemon
21 verbose url resolving [ 'https://registry.npmjs.org/', './nodemon' ]
22 verbose url resolved https://registry.npmjs.org/nodemon
23 verbose request where is https://registry.npmjs.org/nodemon
24 info trying registry request attempt 1 at 11:23:49
25 verbose etag "8X6FA00IQ39RTMKFUANNT9XKB"
26 http GET https://registry.npmjs.org/nodemon
27 http 304 https://registry.npmjs.org/nodemon
28 silly registry.get cb [ 304,
28 silly registry.get   { date: 'Wed, 04 Feb 2015 17:23:48 GMT',
28 silly registry.get     server: 'Apache',
28 silly registry.get     via: '1.1 varnish',
28 silly registry.get     'last-modified': 'Wed, 04 Feb 2015 17:23:48 GMT',
28 silly registry.get     'cache-control': 'max-age=60',
28 silly registry.get     etag: '"8X6FA00IQ39RTMKFUANNT9XKB"',
28 silly registry.get     age: '22',
28 silly registry.get     'x-served-by': 'cache-atl6227-ATL',
28 silly registry.get     'x-cache': 'HIT',
28 silly registry.get     'x-cache-hits': '1',
28 silly registry.get     'x-timer': 'S1423070628.629596,VS0,VE1',
28 silly registry.get     vary: 'Accept',
28 silly registry.get     'content-length': '0',
28 silly registry.get     'keep-alive': 'timeout=10, max=50',
28 silly registry.get     connection: 'Keep-Alive' } ]
29 verbose etag https://registry.npmjs.org/nodemon from cache
30 silly addNameRange number 2 { name: 'nodemon', range: '*', hasData: true }
31 silly addNameRange versions [ 'nodemon',
31 silly addNameRange   [ '0.1.4',
31 silly addNameRange     '0.1.5',
31 silly addNameRange     '0.1.6',
31 silly addNameRange     '0.1.7',
31 silly addNameRange     '0.1.8',
31 silly addNameRange     '0.2.0',
31 silly addNameRange     '0.2.1',
31 silly addNameRange     '0.2.2',
31 silly addNameRange     '0.3.0',
31 silly addNameRange     '0.3.1',
31 silly addNameRange     '0.3.2',
31 silly addNameRange     '0.4.0',
31 silly addNameRange     '0.4.1',
31 silly addNameRange     '0.5.0',
31 silly addNameRange     '0.5.1',
31 silly addNameRange     '0.5.2',
31 silly addNameRange     '0.5.3',
31 silly addNameRange     '0.5.4',
31 silly addNameRange     '0.5.5',
31 silly addNameRange     '0.5.6',
31 silly addNameRange     '0.5.7',
31 silly addNameRange     '0.6.0',
31 silly addNameRange     '0.6.1',
31 silly addNameRange     '0.6.2',
31 silly addNameRange     '0.6.3',
31 silly addNameRange     '0.6.4',
31 silly addNameRange     '0.6.5',
31 silly addNameRange     '0.6.6',
31 silly addNameRange     '0.6.7',
31 silly addNameRange     '0.6.8',
31 silly addNameRange     '0.6.9',
31 silly addNameRange     '0.6.10',
31 silly addNameRange     '0.6.11',
31 silly addNameRange     '0.6.12',
31 silly addNameRange     '0.6.13',
31 silly addNameRange     '0.6.14',
31 silly addNameRange     '0.6.15',
31 silly addNameRange     '0.6.16',
31 silly addNameRange     '0.6.17',
31 silly addNameRange     '0.6.18',
31 silly addNameRange     '0.6.19',
31 silly addNameRange     '0.6.20',
31 silly addNameRange     '0.6.21',
31 silly addNameRange     '0.6.22',
31 silly addNameRange     '0.6.23',
31 silly addNameRange     '0.7.0',
31 silly addNameRange     '0.7.1',
31 silly addNameRange     '0.7.2',
31 silly addNameRange     '0.7.3',
31 silly addNameRange     '0.7.4',
31 silly addNameRange     '0.7.5',
31 silly addNameRange     '0.7.6',
31 silly addNameRange     '0.7.7',
31 silly addNameRange     '0.7.8',
31 silly addNameRange     '0.7.10',
31 silly addNameRange     '0.9.0',
31 silly addNameRange     '0.9.1',
31 silly addNameRange     '0.9.2',
31 silly addNameRange     '0.9.3',
31 silly addNameRange     '0.9.5',
31 silly addNameRange     '0.9.6',
31 silly addNameRange     '0.9.7',
31 silly addNameRange     '0.9.10',
31 silly addNameRange     '0.9.11',
31 silly addNameRange     '0.9.12',
31 silly addNameRange     '0.9.14',
31 silly addNameRange     '0.9.16',
31 silly addNameRange     '0.9.17',
31 silly addNameRange     '1.0.0',
31 silly addNameRange     '1.0.1',
31 silly addNameRange     '1.0.2',
31 silly addNameRange     '1.0.2-rc',
31 silly addNameRange     '0.6.10-a',
31 silly addNameRange     '1.0.2-rc3',
31 silly addNameRange     '1.0.2-rc4',
31 silly addNameRange     '1.0.3',
31 silly addNameRange     '1.0.4',
31 silly addNameRange     '1.0.5',
31 silly addNameRange     '1.0.6',
31 silly addNameRange     '1.0.7',
31 silly addNameRange     '1.0.8',
31 silly addNameRange     '1.0.9',
31 silly addNameRange     '1.0.10',
31 silly addNameRange     '1.0.11',
31 silly addNameRange     '1.0.12',
31 silly addNameRange     '1.0.13',
31 silly addNameRange     '1.0.14',
31 silly addNameRange     '1.0.15',
31 silly addNameRange     '1.0.16',
31 silly addNameRange     '1.0.17-rc1',
31 silly addNameRange     '1.0.17-rc2',
31 silly addNameRange     '1.0.17',
31 silly addNameRange     '1.0.18',
31 silly addNameRange     '1.0.19',
31 silly addNameRange     '1.0.20',
31 silly addNameRange     '1.1.0-alpha',
31 silly addNameRange     '1.1.0',
31 silly addNameRange     '1.1.1',
31 silly addNameRange     '1.2.0',
31 silly addNameRange     '1.2.1',
31 silly addNameRange     '1.3.0-0',
31 silly addNameRange     '1.3.0-1',
31 silly addNameRange     '1.3.0-2',
31 silly addNameRange     '1.3.0-3',
31 silly addNameRange     '1.3.0-4',
31 silly addNameRange     '1.3.0-5',
31 silly addNameRange     '1.3.0-6',
31 silly addNameRange     '1.3.0-7',
31 silly addNameRange     '1.3.0',
31 silly addNameRange     '1.3.1',
31 silly addNameRange     '1.3.2',
31 silly addNameRange     '1.3.3',
31 silly addNameRange     '1.3.5',
31 silly addNameRange     '1.3.6' ] ]
32 verbose addNamed [ 'nodemon', '1.3.6' ]
33 verbose addNamed [ '1.3.6', '1.3.6' ]
34 silly lockFile 8054e090-nodemon-1-3-6 nodemon@1.3.6
35 verbose lock nodemon@1.3.6 /home/vagrant/.npm/8054e090-nodemon-1-3-6.lock
36 silly lockFile 8054e090-nodemon-1-3-6 nodemon@1.3.6
37 silly lockFile 8054e090-nodemon-1-3-6 nodemon@1.3.6
38 silly lockFile 4f5e51c6-nodemon nodemon@
39 silly lockFile 4f5e51c6-nodemon nodemon@
40 silly resolved [ { name: 'nodemon',
40 silly resolved     homepage: 'http://nodemon.io',
40 silly resolved     author: { name: 'Remy Sharp', url: 'http://github.com/remy' },
40 silly resolved     bin: { nodemon: './bin/nodemon.js' },
40 silly resolved     engines: { node: '>=0.8' },
40 silly resolved     repository: { type: 'git', url: 'http://github.com/remy/nodemon.git' },
40 silly resolved     description: 'Simple monitor script for use during development of a node.js app.',
40 silly resolved     keywords:
40 silly resolved      [ 'monitor',
40 silly resolved        'development',
40 silly resolved        'restart',
40 silly resolved        'autoload',
40 silly resolved        'reload',
40 silly resolved        'terminal' ],
40 silly resolved     version: '1.3.6',
40 silly resolved     preferGlobal: 'true',
40 silly resolved     licenses: [ [Object] ],
40 silly resolved     main: './lib/nodemon',
40 silly resolved     scripts:
40 silly resolved      { coverage: 'istanbul cover _mocha -- --timeout 30000 --ui bdd --reporter list test/**/*.test.js',
40 silly resolved        ':test': 'mocha --timeout 30000 --ui bdd test/**/*.test.js',
40 silly resolved        test: 'for FILE in test/**/*.test.js; do echo $FILE; ./node_modules/.bin/mocha --timeout 30000 $FILE; if [ $? -ne 0 ]; then exit 1; fi; sleep 1; done',
40 silly resolved        web: 'node web' },
40 silly resolved     devDependencies:
40 silly resolved      { 'coffee-script': '~1.7.1',
40 silly resolved        connect: '~2.19.1',
40 silly resolved        istanbul: '~0.2.10',
40 silly resolved        mocha: '^2.0.1',
40 silly resolved        should: '~4.0.0' },
40 silly resolved     dependencies:
40 silly resolved      { minimatch: '~0.3.0',
40 silly resolved        'ps-tree': '~0.0.3',
40 silly resolved        touch: '~0.0.3',
40 silly resolved        'update-notifier': '^0.3.0' },
40 silly resolved     gitHead: '53587d738041b88c128e2490b8e44c4eb18b3fdc',
40 silly resolved     bugs: { url: 'https://github.com/remy/nodemon/issues' },
40 silly resolved     _id: 'nodemon@1.3.6',
40 silly resolved     _shasum: 'c4d5e43dd797792a8291efd130de02e5520c4998',
40 silly resolved     _from: 'nodemon@',
40 silly resolved     _npmVersion: '1.4.28',
40 silly resolved     _npmUser: { name: 'remy', email: 'remy@remysharp.com' },
40 silly resolved     maintainers: [ [Object] ],
40 silly resolved     dist:
40 silly resolved      { shasum: 'c4d5e43dd797792a8291efd130de02e5520c4998',
40 silly resolved        tarball: 'http://registry.npmjs.org/nodemon/-/nodemon-1.3.6.tgz' },
40 silly resolved     directories: {},
40 silly resolved     _resolved: 'https://registry.npmjs.org/nodemon/-/nodemon-1.3.6.tgz',
40 silly resolved     readme: 'ERROR: No README data found!' } ]
41 info install nodemon@1.3.6 into /usr/lib
42 info installOne nodemon@1.3.6
43 verbose lib/node_modules/nodemon unbuild
44 verbose tar unpack /home/vagrant/.npm/nodemon/1.3.6/package.tgz
45 silly lockFile f069062d-tar-usr-lib-node-modules-nodemon tar:///usr/lib/node_modules/nodemon
46 verbose lock tar:///usr/lib/node_modules/nodemon /home/vagrant/.npm/f069062d-tar-usr-lib-node-modules-nodemon.lock
47 silly lockFile 4f36bbe0-nt-npm-nodemon-1-3-6-package-tgz tar:///home/vagrant/.npm/nodemon/1.3.6/package.tgz
48 verbose lock tar:///home/vagrant/.npm/nodemon/1.3.6/package.tgz /home/vagrant/.npm/4f36bbe0-nt-npm-nodemon-1-3-6-package-tgz.lock
49 silly gunzTarPerm modes [ '775', '664' ]
50 error Error: EACCES, mkdir '/usr/lib/node_modules/nodemon'
50 error  { [Error: EACCES, mkdir '/usr/lib/node_modules/nodemon']
50 error   errno: 3,
50 error   code: 'EACCES',
50 error   path: '/usr/lib/node_modules/nodemon',
50 error   fstream_type: 'Directory',
50 error   fstream_path: '/usr/lib/node_modules/nodemon',
50 error   fstream_class: 'DirWriter',
50 error   fstream_stack:
50 error    [ '/usr/lib/node_modules/npm/node_modules/fstream/lib/dir-writer.js:36:23',
50 error      '/usr/lib/node_modules/npm/node_modules/mkdirp/index.js:46:53',
50 error      'Object.oncomplete (fs.js:107:15)' ] }
51 error Please try running this command again as root/Administrator.
52 error System Linux 3.13.0-30-generic
53 error command "/usr/bin/node" "/usr/bin/npm" "install" "-g" "nodemon"
54 error cwd /home/vagrant/Code/github/chatMEAN
55 error node -v v0.10.32
56 error npm -v 1.4.28
57 error path /usr/lib/node_modules/nodemon
58 error fstream_path /usr/lib/node_modules/nodemon
59 error fstream_type Directory
60 error fstream_class DirWriter
61 error code EACCES
62 error errno 3
63 error stack Error: EACCES, mkdir '/usr/lib/node_modules/nodemon'
64 error fstream_stack /usr/lib/node_modules/npm/node_modules/fstream/lib/dir-writer.js:36:23
64 error fstream_stack /usr/lib/node_modules/npm/node_modules/mkdirp/index.js:46:53
64 error fstream_stack Object.oncomplete (fs.js:107:15)
65 verbose exit [ 3, true ]
